{"/Users/kirill/Documents/git/playground/bhebdps-ojs-master/Домашние задания/4.3 Тестирование кода/src/js/weapons/Arm.js": {"path":"/Users/kirill/Documents/git/playground/bhebdps-ojs-master/Домашние задания/4.3 Тестирование кода/src/js/weapons/Arm.js","statementMap":{"0":{"start":{"line":5,"column":4},"end":{"line":5,"column":34}}},"fnMap":{"0":{"name":"(anonymous_0)","decl":{"start":{"line":4,"column":2},"end":{"line":4,"column":3}},"loc":{"start":{"line":4,"column":16},"end":{"line":6,"column":3}},"line":4}},"branchMap":{},"s":{"0":4},"f":{"0":4},"b":{},"_coverageSchema":"1a1c01bbd47fc00a2c39e90264f33305004495a9","hash":"6303beb55925c412720b803430574833b405fff7"}
,"/Users/kirill/Documents/git/playground/bhebdps-ojs-master/Домашние задания/4.3 Тестирование кода/src/js/weapons/Axe.js": {"path":"/Users/kirill/Documents/git/playground/bhebdps-ojs-master/Домашние задания/4.3 Тестирование кода/src/js/weapons/Axe.js","statementMap":{"0":{"start":{"line":5,"column":4},"end":{"line":5,"column":12}},"1":{"start":{"line":6,"column":4},"end":{"line":6,"column":25}},"2":{"start":{"line":7,"column":4},"end":{"line":7,"column":21}},"3":{"start":{"line":8,"column":4},"end":{"line":8,"column":26}},"4":{"start":{"line":9,"column":4},"end":{"line":9,"column":30}}},"fnMap":{"0":{"name":"(anonymous_0)","decl":{"start":{"line":4,"column":2},"end":{"line":4,"column":3}},"loc":{"start":{"line":4,"column":16},"end":{"line":10,"column":3}},"line":4}},"branchMap":{},"s":{"0":4,"1":4,"2":4,"3":4,"4":4},"f":{"0":4},"b":{},"_coverageSchema":"1a1c01bbd47fc00a2c39e90264f33305004495a9","hash":"7fcfd079a7931e5765bbe8ef39b38e9fafb0830d"}
,"/Users/kirill/Documents/git/playground/bhebdps-ojs-master/Домашние задания/4.3 Тестирование кода/src/js/weapons/Bow.js": {"path":"/Users/kirill/Documents/git/playground/bhebdps-ojs-master/Домашние задания/4.3 Тестирование кода/src/js/weapons/Bow.js","statementMap":{"0":{"start":{"line":5,"column":4},"end":{"line":5,"column":29}}},"fnMap":{"0":{"name":"(anonymous_0)","decl":{"start":{"line":4,"column":2},"end":{"line":4,"column":3}},"loc":{"start":{"line":4,"column":16},"end":{"line":6,"column":3}},"line":4}},"branchMap":{},"s":{"0":12},"f":{"0":12},"b":{},"_coverageSchema":"1a1c01bbd47fc00a2c39e90264f33305004495a9","hash":"d4d23ddecf1152bdf4cf0d0bdecd98fc6c6b59ff"}
,"/Users/kirill/Documents/git/playground/bhebdps-ojs-master/Домашние задания/4.3 Тестирование кода/src/js/weapons/Knife.js": {"path":"/Users/kirill/Documents/git/playground/bhebdps-ojs-master/Домашние задания/4.3 Тестирование кода/src/js/weapons/Knife.js","statementMap":{"0":{"start":{"line":5,"column":4},"end":{"line":5,"column":28}}},"fnMap":{"0":{"name":"(anonymous_0)","decl":{"start":{"line":4,"column":2},"end":{"line":4,"column":3}},"loc":{"start":{"line":4,"column":16},"end":{"line":6,"column":3}},"line":4}},"branchMap":{},"s":{"0":6},"f":{"0":6},"b":{},"_coverageSchema":"1a1c01bbd47fc00a2c39e90264f33305004495a9","hash":"2d762175206c44f69d27dfeedb9d2a8e8ece674b"}
,"/Users/kirill/Documents/git/playground/bhebdps-ojs-master/Домашние задания/4.3 Тестирование кода/src/js/weapons/LongBow.js": {"path":"/Users/kirill/Documents/git/playground/bhebdps-ojs-master/Домашние задания/4.3 Тестирование кода/src/js/weapons/LongBow.js","statementMap":{"0":{"start":{"line":5,"column":4},"end":{"line":5,"column":12}},"1":{"start":{"line":6,"column":4},"end":{"line":6,"column":30}},"2":{"start":{"line":7,"column":4},"end":{"line":7,"column":21}},"3":{"start":{"line":8,"column":4},"end":{"line":8,"column":19}}},"fnMap":{"0":{"name":"(anonymous_0)","decl":{"start":{"line":4,"column":2},"end":{"line":4,"column":3}},"loc":{"start":{"line":4,"column":16},"end":{"line":9,"column":3}},"line":4}},"branchMap":{},"s":{"0":6,"1":6,"2":6,"3":6},"f":{"0":6},"b":{},"_coverageSchema":"1a1c01bbd47fc00a2c39e90264f33305004495a9","hash":"3214afbc716cbfb2a62dc7987dbc568d38a4597b"}
,"/Users/kirill/Documents/git/playground/bhebdps-ojs-master/Домашние задания/4.3 Тестирование кода/src/js/weapons/Staff.js": {"path":"/Users/kirill/Documents/git/playground/bhebdps-ojs-master/Домашние задания/4.3 Тестирование кода/src/js/weapons/Staff.js","statementMap":{"0":{"start":{"line":5,"column":4},"end":{"line":5,"column":30}}},"fnMap":{"0":{"name":"(anonymous_0)","decl":{"start":{"line":4,"column":2},"end":{"line":4,"column":3}},"loc":{"start":{"line":4,"column":16},"end":{"line":6,"column":3}},"line":4}},"branchMap":{},"s":{"0":12},"f":{"0":12},"b":{},"_coverageSchema":"1a1c01bbd47fc00a2c39e90264f33305004495a9","hash":"93edc1653524a9c18ae66535c2419a56fabe9c84"}
,"/Users/kirill/Documents/git/playground/bhebdps-ojs-master/Домашние задания/4.3 Тестирование кода/src/js/weapons/StormStaff.js": {"path":"/Users/kirill/Documents/git/playground/bhebdps-ojs-master/Домашние задания/4.3 Тестирование кода/src/js/weapons/StormStaff.js","statementMap":{"0":{"start":{"line":5,"column":4},"end":{"line":5,"column":12}},"1":{"start":{"line":6,"column":4},"end":{"line":6,"column":29}},"2":{"start":{"line":7,"column":4},"end":{"line":7,"column":21}},"3":{"start":{"line":8,"column":4},"end":{"line":8,"column":19}}},"fnMap":{"0":{"name":"(anonymous_0)","decl":{"start":{"line":4,"column":2},"end":{"line":4,"column":3}},"loc":{"start":{"line":4,"column":16},"end":{"line":9,"column":3}},"line":4}},"branchMap":{},"s":{"0":6,"1":6,"2":6,"3":6},"f":{"0":6},"b":{},"_coverageSchema":"1a1c01bbd47fc00a2c39e90264f33305004495a9","hash":"9e8d8e4696567681f3ccdac46bdde07c2652b787"}
,"/Users/kirill/Documents/git/playground/bhebdps-ojs-master/Домашние задания/4.3 Тестирование кода/src/js/weapons/Sword.js": {"path":"/Users/kirill/Documents/git/playground/bhebdps-ojs-master/Домашние задания/4.3 Тестирование кода/src/js/weapons/Sword.js","statementMap":{"0":{"start":{"line":5,"column":4},"end":{"line":5,"column":29}}},"fnMap":{"0":{"name":"(anonymous_0)","decl":{"start":{"line":4,"column":2},"end":{"line":4,"column":3}},"loc":{"start":{"line":4,"column":16},"end":{"line":6,"column":3}},"line":4}},"branchMap":{},"s":{"0":10},"f":{"0":10},"b":{},"_coverageSchema":"1a1c01bbd47fc00a2c39e90264f33305004495a9","hash":"8669f4008b0772f5444e7df69610924d0ccd0da9"}
,"/Users/kirill/Documents/git/playground/bhebdps-ojs-master/Домашние задания/4.3 Тестирование кода/src/js/weapons/Weapon.js": {"path":"/Users/kirill/Documents/git/playground/bhebdps-ojs-master/Домашние задания/4.3 Тестирование кода/src/js/weapons/Weapon.js","statementMap":{"0":{"start":{"line":3,"column":4},"end":{"line":3,"column":21}},"1":{"start":{"line":4,"column":4},"end":{"line":4,"column":25}},"2":{"start":{"line":5,"column":4},"end":{"line":5,"column":33}},"3":{"start":{"line":6,"column":4},"end":{"line":6,"column":37}},"4":{"start":{"line":7,"column":4},"end":{"line":7,"column":23}},"5":{"start":{"line":10,"column":24},"end":{"line":10,"column":48}},"6":{"start":{"line":11,"column":4},"end":{"line":11,"column":60}},"7":{"start":{"line":14,"column":4},"end":{"line":16,"column":5}},"8":{"start":{"line":15,"column":6},"end":{"line":15,"column":15}},"9":{"start":{"line":17,"column":4},"end":{"line":19,"column":5}},"10":{"start":{"line":18,"column":6},"end":{"line":18,"column":25}},"11":{"start":{"line":20,"column":4},"end":{"line":20,"column":27}},"12":{"start":{"line":23,"column":4},"end":{"line":23,"column":33}}},"fnMap":{"0":{"name":"(anonymous_0)","decl":{"start":{"line":2,"column":2},"end":{"line":2,"column":3}},"loc":{"start":{"line":2,"column":47},"end":{"line":8,"column":3}},"line":2},"1":{"name":"(anonymous_1)","decl":{"start":{"line":9,"column":2},"end":{"line":9,"column":3}},"loc":{"start":{"line":9,"column":21},"end":{"line":12,"column":3}},"line":9},"2":{"name":"(anonymous_2)","decl":{"start":{"line":13,"column":2},"end":{"line":13,"column":3}},"loc":{"start":{"line":13,"column":14},"end":{"line":21,"column":3}},"line":13},"3":{"name":"(anonymous_3)","decl":{"start":{"line":22,"column":2},"end":{"line":22,"column":3}},"loc":{"start":{"line":22,"column":13},"end":{"line":24,"column":3}},"line":22}},"branchMap":{"0":{"loc":{"start":{"line":11,"column":22},"end":{"line":11,"column":59}},"type":"cond-expr","locations":[{"start":{"line":11,"column":42},"end":{"line":11,"column":43}},{"start":{"line":11,"column":46},"end":{"line":11,"column":59}}],"line":11},"1":{"loc":{"start":{"line":14,"column":4},"end":{"line":16,"column":5}},"type":"if","locations":[{"start":{"line":14,"column":4},"end":{"line":16,"column":5}},{"start":{},"end":{}}],"line":14},"2":{"loc":{"start":{"line":17,"column":4},"end":{"line":19,"column":5}},"type":"if","locations":[{"start":{"line":17,"column":4},"end":{"line":19,"column":5}},{"start":{},"end":{}}],"line":17}},"s":{"0":50,"1":50,"2":50,"3":50,"4":50,"5":47,"6":47,"7":24,"8":7,"9":17,"10":10,"11":7,"12":16},"f":{"0":50,"1":47,"2":24,"3":16},"b":{"0":[8,39],"1":[7,17],"2":[10,7]},"_coverageSchema":"1a1c01bbd47fc00a2c39e90264f33305004495a9","hash":"671d6e417b7f03bec31a4e40893a7238f393a071"}
}
