TN:
SF:src/js/weapons/Arm.js
FN:4,(anonymous_0)
FNF:1
FNH:1
FNDA:4,(anonymous_0)
DA:5,4
LF:1
LH:1
BRF:0
BRH:0
end_of_record
TN:
SF:src/js/weapons/Axe.js
FN:4,(anonymous_0)
FNF:1
FNH:1
FNDA:4,(anonymous_0)
DA:5,4
DA:6,4
DA:7,4
DA:8,4
DA:9,4
LF:5
LH:5
BRF:0
BRH:0
end_of_record
TN:
SF:src/js/weapons/Bow.js
FN:4,(anonymous_0)
FNF:1
FNH:1
FNDA:12,(anonymous_0)
DA:5,12
LF:1
LH:1
BRF:0
BRH:0
end_of_record
TN:
SF:src/js/weapons/Knife.js
FN:4,(anonymous_0)
FNF:1
FNH:1
FNDA:6,(anonymous_0)
DA:5,6
LF:1
LH:1
BRF:0
BRH:0
end_of_record
TN:
SF:src/js/weapons/LongBow.js
FN:4,(anonymous_0)
FNF:1
FNH:1
FNDA:6,(anonymous_0)
DA:5,6
DA:6,6
DA:7,6
DA:8,6
LF:4
LH:4
BRF:0
BRH:0
end_of_record
TN:
SF:src/js/weapons/Staff.js
FN:4,(anonymous_0)
FNF:1
FNH:1
FNDA:12,(anonymous_0)
DA:5,12
LF:1
LH:1
BRF:0
BRH:0
end_of_record
TN:
SF:src/js/weapons/StormStaff.js
FN:4,(anonymous_0)
FNF:1
FNH:1
FNDA:6,(anonymous_0)
DA:5,6
DA:6,6
DA:7,6
DA:8,6
LF:4
LH:4
BRF:0
BRH:0
end_of_record
TN:
SF:src/js/weapons/Sword.js
FN:4,(anonymous_0)
FNF:1
FNH:1
FNDA:10,(anonymous_0)
DA:5,10
LF:1
LH:1
BRF:0
BRH:0
end_of_record
TN:
SF:src/js/weapons/Weapon.js
FN:2,(anonymous_0)
FN:9,(anonymous_1)
FN:13,(anonymous_2)
FN:22,(anonymous_3)
FNF:4
FNH:4
FNDA:50,(anonymous_0)
FNDA:47,(anonymous_1)
FNDA:24,(anonymous_2)
FNDA:16,(anonymous_3)
DA:3,50
DA:4,50
DA:5,50
DA:6,50
DA:7,50
DA:10,47
DA:11,47
DA:14,24
DA:15,7
DA:17,17
DA:18,10
DA:20,7
DA:23,16
LF:13
LH:13
BRDA:11,0,0,8
BRDA:11,0,1,39
BRDA:14,1,0,7
BRDA:14,1,1,17
BRDA:17,2,0,10
BRDA:17,2,1,7
BRF:6
BRH:6
end_of_record
